cl : Command line warning D9002: ignoring unknown option '-msse'
cl : Command line warning D9002: ignoring unknown option '-mfpmath=sse'
  moc_datasetselectdialog.cpp
  moc_filteredgesbyweightdialog.cpp
  moc_mainwindow.cpp
  moc_nodeeditdialog.cpp
  moc_randerdosrenyidialog.cpp
  moc_randscalefreedialog.cpp
  moc_randsmallworlddialog.cpp
  moc_webcrawlerdialog.cpp
  datasetselectdialog.cpp
  filteredgesbyweightdialog.cpp
  graphicswidget.cpp
src\graphicswidget.cpp(186): warning C4100: 'weight1': unreferenced formal parameter
  main.cpp
  mainwindow.cpp
src\mainwindow.cpp(2599): warning C4189: 'visualizationBoxLayout': local variable is initialized but not referenced
src\mainwindow.cpp(3241): warning C4100: 'flagPp': unreferenced formal parameter
src\mainwindow.cpp(4082): warning C4100: 'p': unreferenced formal parameter
src\mainwindow.cpp(4082): warning C4100: 'num': unreferenced formal parameter
src\mainwindow.cpp(8835): warning C4267: '=': conversion from 'size_t' to 'int', possible loss of data
src\mainwindow.cpp(9149): warning C4996: 'ctime': This function or variable may be unsafe. Consider using ctime_s instead. To disable deprecation, use _CRT_SECURE_NO_WARNINGS. See online help for details.
  C:\Program Files (x86)\Windows Kits\10\Include\10.0.10240.0\ucrt\time.h(475): note: see declaration of 'ctime'
src\mainwindow.cpp(9198): warning C4996: 'ctime': This function or variable may be unsafe. Consider using ctime_s instead. To disable deprecation, use _CRT_SECURE_NO_WARNINGS. See online help for details.
  C:\Program Files (x86)\Windows Kits\10\Include\10.0.10240.0\ucrt\time.h(475): note: see declaration of 'ctime'
src\mainwindow.cpp(9266): warning C4996: 'ctime': This function or variable may be unsafe. Consider using ctime_s instead. To disable deprecation, use _CRT_SECURE_NO_WARNINGS. See online help for details.
  C:\Program Files (x86)\Windows Kits\10\Include\10.0.10240.0\ucrt\time.h(475): note: see declaration of 'ctime'
src\mainwindow.cpp(9314): warning C4996: 'ctime': This function or variable may be unsafe. Consider using ctime_s instead. To disable deprecation, use _CRT_SECURE_NO_WARNINGS. See online help for details.
  C:\Program Files (x86)\Windows Kits\10\Include\10.0.10240.0\ucrt\time.h(475): note: see declaration of 'ctime'
  nodeeditdialog.cpp
  randerdosrenyidialog.cpp
  randscalefreedialog.cpp
  randsmallworlddialog.cpp
  webcrawlerdialog.cpp
  Generating Code...
cl : Command line warning D9002: ignoring unknown option '-msse'
cl : Command line warning D9002: ignoring unknown option '-mfpmath=sse'
  qrc_src.cpp
  KeyPlayers_Graph.vcxproj -> E:\UIT-MASTER\SOCIAL_NETWORK\KEYPLAYER_MAPREDUCE\KeyPlayers_Graph\x64\Debug\KeyPlayers_Graph.exe
  KeyPlayers_Graph.vcxproj -> E:\UIT-MASTER\SOCIAL_NETWORK\KEYPLAYER_MAPREDUCE\KeyPlayers_Graph\x64\Debug\KeyPlayers_Graph.pdb (Full PDB)
