e:\data\study\social network\coding\bao cao\source code\keyplayers_graph\win32\release\qrc_src.obj
e:\data\study\social network\coding\bao cao\source code\keyplayers_graph\win32\release\vc100.pdb
e:\data\study\social network\coding\bao cao\source code\keyplayers_graph\win32\release\edge.obj
e:\data\study\social network\coding\bao cao\source code\keyplayers_graph\win32\release\datasetselectdialog.obj
e:\data\study\social network\coding\bao cao\source code\keyplayers_graph\win32\release\moc_webcrawlerdialog.obj
e:\data\study\social network\coding\bao cao\source code\keyplayers_graph\win32\release\moc_webcrawler.obj
e:\data\study\social network\coding\bao cao\source code\keyplayers_graph\win32\release\moc_vertex.obj
e:\data\study\social network\coding\bao cao\source code\keyplayers_graph\win32\release\moc_texteditor.obj
e:\data\study\social network\coding\bao cao\source code\keyplayers_graph\win32\release\moc_randsmallworlddialog.obj
e:\data\study\social network\coding\bao cao\source code\keyplayers_graph\win32\release\moc_randscalefreedialog.obj
e:\data\study\social network\coding\bao cao\source code\keyplayers_graph\win32\release\moc_randerdosrenyidialog.obj
e:\data\study\social network\coding\bao cao\source code\keyplayers_graph\win32\release\moc_previewform.obj
e:\data\study\social network\coding\bao cao\source code\keyplayers_graph\win32\release\moc_parser.obj
e:\data\study\social network\coding\bao cao\source code\keyplayers_graph\win32\release\moc_nodeeditdialog.obj
e:\data\study\social network\coding\bao cao\source code\keyplayers_graph\win32\release\moc_node.obj
e:\data\study\social network\coding\bao cao\source code\keyplayers_graph\win32\release\moc_mainwindow.obj
e:\data\study\social network\coding\bao cao\source code\keyplayers_graph\win32\release\moc_guide.obj
e:\data\study\social network\coding\bao cao\source code\keyplayers_graph\win32\release\moc_graphicswidget.obj
e:\data\study\social network\coding\bao cao\source code\keyplayers_graph\win32\release\moc_graph.obj
e:\data\study\social network\coding\bao cao\source code\keyplayers_graph\win32\release\moc_filteredgesbyweightdialog.obj
e:\data\study\social network\coding\bao cao\source code\keyplayers_graph\win32\release\moc_edge.obj
e:\data\study\social network\coding\bao cao\source code\keyplayers_graph\win32\release\moc_datasetselectdialog.obj
e:\data\study\social network\coding\bao cao\source code\keyplayers_graph\win32\release\webcrawler.obj
e:\data\study\social network\coding\bao cao\source code\keyplayers_graph\win32\release\vertex.obj
e:\data\study\social network\coding\bao cao\source code\keyplayers_graph\win32\release\texteditor.obj
e:\data\study\social network\coding\bao cao\source code\keyplayers_graph\win32\release\randsmallworlddialog.obj
e:\data\study\social network\coding\bao cao\source code\keyplayers_graph\win32\release\randscalefreedialog.obj
e:\data\study\social network\coding\bao cao\source code\keyplayers_graph\win32\release\randerdosrenyidialog.obj
e:\data\study\social network\coding\bao cao\source code\keyplayers_graph\win32\release\previewform.obj
e:\data\study\social network\coding\bao cao\source code\keyplayers_graph\win32\release\parser.obj
e:\data\study\social network\coding\bao cao\source code\keyplayers_graph\win32\release\nodenumber.obj
e:\data\study\social network\coding\bao cao\source code\keyplayers_graph\win32\release\nodelabel.obj
e:\data\study\social network\coding\bao cao\source code\keyplayers_graph\win32\release\nodeeditdialog.obj
e:\data\study\social network\coding\bao cao\source code\keyplayers_graph\win32\release\node.obj
e:\data\study\social network\coding\bao cao\source code\keyplayers_graph\win32\release\matrix.obj
e:\data\study\social network\coding\bao cao\source code\keyplayers_graph\win32\release\mainwindow.obj
e:\data\study\social network\coding\bao cao\source code\keyplayers_graph\win32\release\main.obj
e:\data\study\social network\coding\bao cao\source code\keyplayers_graph\win32\release\guide.obj
e:\data\study\social network\coding\bao cao\source code\keyplayers_graph\win32\release\graphicswidget.obj
e:\data\study\social network\coding\bao cao\source code\keyplayers_graph\win32\release\graph.obj
e:\data\study\social network\coding\bao cao\source code\keyplayers_graph\win32\release\filteredgesbyweightdialog.obj
e:\data\study\social network\coding\bao cao\source code\keyplayers_graph\win32\release\edgeweight.obj
e:\data\study\social network\coding\bao cao\source code\keyplayers_graph\win32\release\webcrawlerdialog.obj
e:\data\study\social network\coding\bao cao\source code\keyplayers_graph\release\moc_randscalefreedialog.cpp
e:\data\study\social network\coding\bao cao\source code\keyplayers_graph\generatedfiles\ui_datasetselectdialog.h
e:\data\study\social network\coding\bao cao\source code\keyplayers_graph\generatedfiles\ui_filteredgesbyweightdialog.h
e:\data\study\social network\coding\bao cao\source code\keyplayers_graph\generatedfiles\ui_nodeeditdialog.h
e:\data\study\social network\coding\bao cao\source code\keyplayers_graph\generatedfiles\ui_randerdosrenyidialog.h
e:\data\study\social network\coding\bao cao\source code\keyplayers_graph\generatedfiles\ui_randscalefreedialog.h
e:\data\study\social network\coding\bao cao\source code\keyplayers_graph\generatedfiles\ui_randsmallworlddialog.h
e:\data\study\social network\coding\bao cao\source code\keyplayers_graph\generatedfiles\ui_webcrawlerdialog.h
e:\data\study\social network\coding\bao cao\source code\keyplayers_graph\generatedfiles\qrc_src.cpp
e:\data\study\social network\coding\bao cao\source code\keyplayers_graph\release\moc_datasetselectdialog.cpp
e:\data\study\social network\coding\bao cao\source code\keyplayers_graph\release\moc_edge.cpp
e:\data\study\social network\coding\bao cao\source code\keyplayers_graph\release\moc_filteredgesbyweightdialog.cpp
e:\data\study\social network\coding\bao cao\source code\keyplayers_graph\release\moc_graph.cpp
e:\data\study\social network\coding\bao cao\source code\keyplayers_graph\release\moc_graphicswidget.cpp
e:\data\study\social network\coding\bao cao\source code\keyplayers_graph\release\moc_guide.cpp
e:\data\study\social network\coding\bao cao\source code\keyplayers_graph\release\moc_node.cpp
e:\data\study\social network\coding\bao cao\source code\keyplayers_graph\release\moc_nodeeditdialog.cpp
e:\data\study\social network\coding\bao cao\source code\keyplayers_graph\release\moc_parser.cpp
e:\data\study\social network\coding\bao cao\source code\keyplayers_graph\release\moc_previewform.cpp
e:\data\study\social network\coding\bao cao\source code\keyplayers_graph\release\moc_randerdosrenyidialog.cpp
e:\data\study\social network\coding\bao cao\source code\keyplayers_graph\release\moc_randsmallworlddialog.cpp
e:\data\study\social network\coding\bao cao\source code\keyplayers_graph\release\moc_texteditor.cpp
e:\data\study\social network\coding\bao cao\source code\keyplayers_graph\release\moc_vertex.cpp
e:\data\study\social network\coding\bao cao\source code\keyplayers_graph\release\moc_webcrawler.cpp
e:\data\study\social network\coding\bao cao\source code\keyplayers_graph\release\moc_webcrawlerdialog.cpp
e:\data\study\social network\coding\bao cao\source code\keyplayers_graph\release\moc_mainwindow.cpp
e:\data\study\social network\coding\bao cao\source code\keyplayers_graph\release\keyplayers_graph.lib
e:\data\study\social network\coding\bao cao\source code\keyplayers_graph\release\keyplayers_graph.exp
e:\data\study\social network\coding\bao cao\source code\keyplayers_graph\release\keyplayers_graph.exe
e:\data\study\social network\coding\bao cao\source code\keyplayers_graph\win32\release\keyplayers_graph.exe.intermediate.manifest
e:\data\study\social network\coding\bao cao\source code\keyplayers_graph\win32\release\icon.res
e:\uit-master\social_network\keyplayer_mapreduce\keyplayers_graph\win32\release\keyplayers_graph.vcxprojresolveassemblyreference.cache
e:\uit-master\social_network\keyplayer_mapreduce\keyplayers_graph\win32\release\datasetselectdialog.obj
e:\uit-master\social_network\keyplayer_mapreduce\keyplayers_graph\win32\release\edge.obj
e:\uit-master\social_network\keyplayer_mapreduce\keyplayers_graph\win32\release\edgeweight.obj
e:\uit-master\social_network\keyplayer_mapreduce\keyplayers_graph\win32\release\filteredgesbyweightdialog.obj
e:\uit-master\social_network\keyplayer_mapreduce\keyplayers_graph\win32\release\graph.obj
e:\uit-master\social_network\keyplayer_mapreduce\keyplayers_graph\win32\release\graphicswidget.obj
e:\uit-master\social_network\keyplayer_mapreduce\keyplayers_graph\win32\release\guide.obj
e:\uit-master\social_network\keyplayer_mapreduce\keyplayers_graph\win32\release\main.obj
e:\uit-master\social_network\keyplayer_mapreduce\keyplayers_graph\win32\release\mainwindow.obj
e:\uit-master\social_network\keyplayer_mapreduce\keyplayers_graph\win32\release\matrix.obj
e:\uit-master\social_network\keyplayer_mapreduce\keyplayers_graph\win32\release\moc_datasetselectdialog.obj
e:\uit-master\social_network\keyplayer_mapreduce\keyplayers_graph\win32\release\moc_edge.obj
e:\uit-master\social_network\keyplayer_mapreduce\keyplayers_graph\win32\release\moc_filteredgesbyweightdialog.obj
e:\uit-master\social_network\keyplayer_mapreduce\keyplayers_graph\win32\release\moc_graph.obj
e:\uit-master\social_network\keyplayer_mapreduce\keyplayers_graph\win32\release\moc_graphicswidget.obj
e:\uit-master\social_network\keyplayer_mapreduce\keyplayers_graph\win32\release\moc_guide.obj
e:\uit-master\social_network\keyplayer_mapreduce\keyplayers_graph\win32\release\moc_mainwindow.obj
e:\uit-master\social_network\keyplayer_mapreduce\keyplayers_graph\win32\release\moc_node.obj
e:\uit-master\social_network\keyplayer_mapreduce\keyplayers_graph\win32\release\moc_nodeeditdialog.obj
e:\uit-master\social_network\keyplayer_mapreduce\keyplayers_graph\win32\release\moc_parser.obj
e:\uit-master\social_network\keyplayer_mapreduce\keyplayers_graph\win32\release\moc_previewform.obj
e:\uit-master\social_network\keyplayer_mapreduce\keyplayers_graph\win32\release\moc_randerdosrenyidialog.obj
e:\uit-master\social_network\keyplayer_mapreduce\keyplayers_graph\win32\release\moc_randscalefreedialog.obj
e:\uit-master\social_network\keyplayer_mapreduce\keyplayers_graph\win32\release\moc_randsmallworlddialog.obj
e:\uit-master\social_network\keyplayer_mapreduce\keyplayers_graph\win32\release\moc_texteditor.obj
e:\uit-master\social_network\keyplayer_mapreduce\keyplayers_graph\win32\release\moc_vertex.obj
e:\uit-master\social_network\keyplayer_mapreduce\keyplayers_graph\win32\release\moc_webcrawler.obj
e:\uit-master\social_network\keyplayer_mapreduce\keyplayers_graph\win32\release\moc_webcrawlerdialog.obj
e:\uit-master\social_network\keyplayer_mapreduce\keyplayers_graph\win32\release\node.obj
e:\uit-master\social_network\keyplayer_mapreduce\keyplayers_graph\win32\release\nodeeditdialog.obj
e:\uit-master\social_network\keyplayer_mapreduce\keyplayers_graph\win32\release\nodelabel.obj
e:\uit-master\social_network\keyplayer_mapreduce\keyplayers_graph\win32\release\nodenumber.obj
e:\uit-master\social_network\keyplayer_mapreduce\keyplayers_graph\win32\release\parser.obj
e:\uit-master\social_network\keyplayer_mapreduce\keyplayers_graph\win32\release\previewform.obj
e:\uit-master\social_network\keyplayer_mapreduce\keyplayers_graph\win32\release\qrc_src.obj
e:\uit-master\social_network\keyplayer_mapreduce\keyplayers_graph\win32\release\randerdosrenyidialog.obj
e:\uit-master\social_network\keyplayer_mapreduce\keyplayers_graph\win32\release\randscalefreedialog.obj
e:\uit-master\social_network\keyplayer_mapreduce\keyplayers_graph\win32\release\randsmallworlddialog.obj
e:\uit-master\social_network\keyplayer_mapreduce\keyplayers_graph\win32\release\texteditor.obj
e:\uit-master\social_network\keyplayer_mapreduce\keyplayers_graph\win32\release\vertex.obj
e:\uit-master\social_network\keyplayer_mapreduce\keyplayers_graph\win32\release\webcrawler.obj
e:\uit-master\social_network\keyplayer_mapreduce\keyplayers_graph\win32\release\webcrawlerdialog.obj
e:\uit-master\social_network\keyplayer_mapreduce\keyplayers_graph\win32\release\cl.command.1.tlog
e:\uit-master\social_network\keyplayer_mapreduce\keyplayers_graph\win32\release\cl.read.1.tlog
e:\uit-master\social_network\keyplayer_mapreduce\keyplayers_graph\win32\release\cl.write.1.tlog
e:\uit-master\social_network\keyplayer_mapreduce\keyplayers_graph\win32\release\custombuild.command.1.tlog
e:\uit-master\social_network\keyplayer_mapreduce\keyplayers_graph\win32\release\custombuild.read.1.tlog
e:\uit-master\social_network\keyplayer_mapreduce\keyplayers_graph\win32\release\custombuild.write.1.tlog
e:\uit-master\social_network\keyplayer_mapreduce\keyplayers_graph\win32\release\keyplayers_graph.write.1.tlog
e:\uit-master\social_network\keyplayer_mapreduce\keyplayers_graph\win32\release\link-cvtres.read.1.tlog
e:\uit-master\social_network\keyplayer_mapreduce\keyplayers_graph\win32\release\link-cvtres.write.1.tlog
e:\uit-master\social_network\keyplayer_mapreduce\keyplayers_graph\win32\release\link.command.1.tlog
e:\uit-master\social_network\keyplayer_mapreduce\keyplayers_graph\win32\release\link.read.1.tlog
e:\uit-master\social_network\keyplayer_mapreduce\keyplayers_graph\win32\release\link.write.1.tlog
e:\uit-master\social_network\keyplayer_mapreduce\keyplayers_graph\win32\release\mt.command.1.tlog
e:\uit-master\social_network\keyplayer_mapreduce\keyplayers_graph\win32\release\mt.read.1.tlog
e:\uit-master\social_network\keyplayer_mapreduce\keyplayers_graph\win32\release\mt.write.1.tlog
e:\uit-master\social_network\keyplayer_mapreduce\keyplayers_graph\win32\release\rc.command.1.tlog
e:\uit-master\social_network\keyplayer_mapreduce\keyplayers_graph\win32\release\rc.read.1.tlog
e:\uit-master\social_network\keyplayer_mapreduce\keyplayers_graph\win32\release\rc.write.1.tlog
e:\uit-master\social_network\keyplayer_mapreduce\keyplayers_graph\win32\release\keyplayers_graph.exe.intermediate.manifest
e:\uit-master\social_network\keyplayer_mapreduce\keyplayers_graph\win32\release\icon.res
e:\uit-master\social_network\keyplayer_mapreduce\keyplayers_graph\win32\release\vc100.pdb
