e:\data\study\social network\coding\bao cao\source code\keyplayers_graph\debug\moc_datasetselectdialog.cpp
e:\data\study\social network\coding\bao cao\source code\keyplayers_graph\debug\moc_edge.cpp
e:\data\study\social network\coding\bao cao\source code\keyplayers_graph\debug\moc_filteredgesbyweightdialog.cpp
e:\data\study\social network\coding\bao cao\source code\keyplayers_graph\debug\moc_graph.cpp
e:\data\study\social network\coding\bao cao\source code\keyplayers_graph\debug\moc_graphicswidget.cpp
e:\data\study\social network\coding\bao cao\source code\keyplayers_graph\debug\moc_guide.cpp
e:\data\study\social network\coding\bao cao\source code\keyplayers_graph\debug\moc_mainwindow.cpp
e:\data\study\social network\coding\bao cao\source code\keyplayers_graph\debug\moc_node.cpp
e:\data\study\social network\coding\bao cao\source code\keyplayers_graph\debug\moc_nodeeditdialog.cpp
e:\data\study\social network\coding\bao cao\source code\keyplayers_graph\debug\moc_parser.cpp
e:\data\study\social network\coding\bao cao\source code\keyplayers_graph\debug\moc_previewform.cpp
e:\data\study\social network\coding\bao cao\source code\keyplayers_graph\debug\moc_randerdosrenyidialog.cpp
e:\data\study\social network\coding\bao cao\source code\keyplayers_graph\debug\moc_randscalefreedialog.cpp
e:\data\study\social network\coding\bao cao\source code\keyplayers_graph\debug\moc_randsmallworlddialog.cpp
e:\data\study\social network\coding\bao cao\source code\keyplayers_graph\debug\moc_texteditor.cpp
e:\data\study\social network\coding\bao cao\source code\keyplayers_graph\debug\moc_vertex.cpp
e:\data\study\social network\coding\bao cao\source code\keyplayers_graph\debug\moc_webcrawler.cpp
e:\data\study\social network\coding\bao cao\source code\keyplayers_graph\debug\moc_webcrawlerdialog.cpp
e:\data\study\social network\coding\bao cao\source code\keyplayers_graph\generatedfiles\ui_datasetselectdialog.h
e:\data\study\social network\coding\bao cao\source code\keyplayers_graph\generatedfiles\ui_filteredgesbyweightdialog.h
e:\data\study\social network\coding\bao cao\source code\keyplayers_graph\generatedfiles\ui_nodeeditdialog.h
e:\data\study\social network\coding\bao cao\source code\keyplayers_graph\generatedfiles\ui_randerdosrenyidialog.h
e:\data\study\social network\coding\bao cao\source code\keyplayers_graph\generatedfiles\ui_randscalefreedialog.h
e:\data\study\social network\coding\bao cao\source code\keyplayers_graph\generatedfiles\ui_randsmallworlddialog.h
e:\data\study\social network\coding\bao cao\source code\keyplayers_graph\generatedfiles\ui_webcrawlerdialog.h
e:\data\study\social network\coding\bao cao\source code\keyplayers_graph\generatedfiles\qrc_src.cpp
e:\data\study\social network\coding\bao cao\source code\keyplayers_graph\win32\debug\vc140.pdb
e:\data\study\social network\coding\bao cao\source code\keyplayers_graph\win32\debug\keyplayers_graph.tlog\cl.command.1.tlog
e:\data\study\social network\coding\bao cao\source code\keyplayers_graph\win32\debug\keyplayers_graph.tlog\custombuild.command.1.tlog
e:\data\study\social network\coding\bao cao\source code\keyplayers_graph\win32\debug\keyplayers_graph.tlog\custombuild.read.1.tlog
e:\data\study\social network\coding\bao cao\source code\keyplayers_graph\win32\debug\keyplayers_graph.tlog\custombuild.write.1.tlog
