debug\socnetv.ilk
debug\socnetv.pdb
E:\DATA\STUDY\SOCIAL NETWORK\CODING\BAO CAO\SOURCE CODE\DRAW GRAPH\SOCNETV-GIT-C6DE3ADBB636D454A0A7C7BAF6BF8D0914959A7C\DEBUG\MOC_DATASETSELECTDIALOG.CPP
E:\DATA\STUDY\SOCIAL NETWORK\CODING\BAO CAO\SOURCE CODE\DRAW GRAPH\SOCNETV-GIT-C6DE3ADBB636D454A0A7C7BAF6BF8D0914959A7C\DEBUG\MOC_EDGE.CPP
E:\DATA\STUDY\SOCIAL NETWORK\CODING\BAO CAO\SOURCE CODE\DRAW GRAPH\SOCNETV-GIT-C6DE3ADBB636D454A0A7C7BAF6BF8D0914959A7C\DEBUG\MOC_FILTEREDGESBYWEIGHTDIALOG.CPP
E:\DATA\STUDY\SOCIAL NETWORK\CODING\BAO CAO\SOURCE CODE\DRAW GRAPH\SOCNETV-GIT-C6DE3ADBB636D454A0A7C7BAF6BF8D0914959A7C\DEBUG\MOC_GRAPH.CPP
E:\DATA\STUDY\SOCIAL NETWORK\CODING\BAO CAO\SOURCE CODE\DRAW GRAPH\SOCNETV-GIT-C6DE3ADBB636D454A0A7C7BAF6BF8D0914959A7C\DEBUG\MOC_GRAPHICSWIDGET.CPP
E:\DATA\STUDY\SOCIAL NETWORK\CODING\BAO CAO\SOURCE CODE\DRAW GRAPH\SOCNETV-GIT-C6DE3ADBB636D454A0A7C7BAF6BF8D0914959A7C\DEBUG\MOC_GUIDE.CPP
E:\DATA\STUDY\SOCIAL NETWORK\CODING\BAO CAO\SOURCE CODE\DRAW GRAPH\SOCNETV-GIT-C6DE3ADBB636D454A0A7C7BAF6BF8D0914959A7C\DEBUG\MOC_MAINWINDOW.CPP
E:\DATA\STUDY\SOCIAL NETWORK\CODING\BAO CAO\SOURCE CODE\DRAW GRAPH\SOCNETV-GIT-C6DE3ADBB636D454A0A7C7BAF6BF8D0914959A7C\DEBUG\MOC_NODE.CPP
E:\DATA\STUDY\SOCIAL NETWORK\CODING\BAO CAO\SOURCE CODE\DRAW GRAPH\SOCNETV-GIT-C6DE3ADBB636D454A0A7C7BAF6BF8D0914959A7C\DEBUG\MOC_NODEEDITDIALOG.CPP
E:\DATA\STUDY\SOCIAL NETWORK\CODING\BAO CAO\SOURCE CODE\DRAW GRAPH\SOCNETV-GIT-C6DE3ADBB636D454A0A7C7BAF6BF8D0914959A7C\DEBUG\MOC_PARSER.CPP
E:\DATA\STUDY\SOCIAL NETWORK\CODING\BAO CAO\SOURCE CODE\DRAW GRAPH\SOCNETV-GIT-C6DE3ADBB636D454A0A7C7BAF6BF8D0914959A7C\DEBUG\MOC_PREVIEWFORM.CPP
E:\DATA\STUDY\SOCIAL NETWORK\CODING\BAO CAO\SOURCE CODE\DRAW GRAPH\SOCNETV-GIT-C6DE3ADBB636D454A0A7C7BAF6BF8D0914959A7C\DEBUG\MOC_RANDERDOSRENYIDIALOG.CPP
E:\DATA\STUDY\SOCIAL NETWORK\CODING\BAO CAO\SOURCE CODE\DRAW GRAPH\SOCNETV-GIT-C6DE3ADBB636D454A0A7C7BAF6BF8D0914959A7C\DEBUG\MOC_RANDSCALEFREEDIALOG.CPP
E:\DATA\STUDY\SOCIAL NETWORK\CODING\BAO CAO\SOURCE CODE\DRAW GRAPH\SOCNETV-GIT-C6DE3ADBB636D454A0A7C7BAF6BF8D0914959A7C\DEBUG\MOC_RANDSMALLWORLDDIALOG.CPP
E:\DATA\STUDY\SOCIAL NETWORK\CODING\BAO CAO\SOURCE CODE\DRAW GRAPH\SOCNETV-GIT-C6DE3ADBB636D454A0A7C7BAF6BF8D0914959A7C\DEBUG\MOC_TEXTEDITOR.CPP
E:\DATA\STUDY\SOCIAL NETWORK\CODING\BAO CAO\SOURCE CODE\DRAW GRAPH\SOCNETV-GIT-C6DE3ADBB636D454A0A7C7BAF6BF8D0914959A7C\DEBUG\MOC_VERTEX.CPP
E:\DATA\STUDY\SOCIAL NETWORK\CODING\BAO CAO\SOURCE CODE\DRAW GRAPH\SOCNETV-GIT-C6DE3ADBB636D454A0A7C7BAF6BF8D0914959A7C\DEBUG\MOC_WEBCRAWLER.CPP
E:\DATA\STUDY\SOCIAL NETWORK\CODING\BAO CAO\SOURCE CODE\DRAW GRAPH\SOCNETV-GIT-C6DE3ADBB636D454A0A7C7BAF6BF8D0914959A7C\DEBUG\MOC_WEBCRAWLERDIALOG.CPP
E:\DATA\STUDY\SOCIAL NETWORK\CODING\BAO CAO\SOURCE CODE\DRAW GRAPH\SOCNETV-GIT-C6DE3ADBB636D454A0A7C7BAF6BF8D0914959A7C\DEBUG\SOCNETV.EXE
E:\DATA\Study\social network\Coding\BAO CAO\Source Code\Draw Graph\socnetv-git-c6de3adbb636d454a0a7c7baf6bf8d0914959a7c\debug\socnetv.exp
E:\DATA\STUDY\SOCIAL NETWORK\CODING\BAO CAO\SOURCE CODE\DRAW GRAPH\SOCNETV-GIT-C6DE3ADBB636D454A0A7C7BAF6BF8D0914959A7C\DEBUG\SOCNETV.ILK
E:\DATA\Study\social network\Coding\BAO CAO\Source Code\Draw Graph\socnetv-git-c6de3adbb636d454a0a7c7baf6bf8d0914959a7c\debug\socnetv.lib
E:\DATA\STUDY\SOCIAL NETWORK\CODING\BAO CAO\SOURCE CODE\DRAW GRAPH\SOCNETV-GIT-C6DE3ADBB636D454A0A7C7BAF6BF8D0914959A7C\DEBUG\SOCNETV.PDB
E:\DATA\STUDY\SOCIAL NETWORK\CODING\BAO CAO\SOURCE CODE\DRAW GRAPH\SOCNETV-GIT-C6DE3ADBB636D454A0A7C7BAF6BF8D0914959A7C\GENERATEDFILES\QRC_SRC.CPP
E:\DATA\STUDY\SOCIAL NETWORK\CODING\BAO CAO\SOURCE CODE\DRAW GRAPH\SOCNETV-GIT-C6DE3ADBB636D454A0A7C7BAF6BF8D0914959A7C\GENERATEDFILES\UI_DATASETSELECTDIALOG.H
E:\DATA\STUDY\SOCIAL NETWORK\CODING\BAO CAO\SOURCE CODE\DRAW GRAPH\SOCNETV-GIT-C6DE3ADBB636D454A0A7C7BAF6BF8D0914959A7C\GENERATEDFILES\UI_FILTEREDGESBYWEIGHTDIALOG.H
E:\DATA\STUDY\SOCIAL NETWORK\CODING\BAO CAO\SOURCE CODE\DRAW GRAPH\SOCNETV-GIT-C6DE3ADBB636D454A0A7C7BAF6BF8D0914959A7C\GENERATEDFILES\UI_NODEEDITDIALOG.H
E:\DATA\STUDY\SOCIAL NETWORK\CODING\BAO CAO\SOURCE CODE\DRAW GRAPH\SOCNETV-GIT-C6DE3ADBB636D454A0A7C7BAF6BF8D0914959A7C\GENERATEDFILES\UI_RANDERDOSRENYIDIALOG.H
E:\DATA\STUDY\SOCIAL NETWORK\CODING\BAO CAO\SOURCE CODE\DRAW GRAPH\SOCNETV-GIT-C6DE3ADBB636D454A0A7C7BAF6BF8D0914959A7C\GENERATEDFILES\UI_RANDSCALEFREEDIALOG.H
E:\DATA\STUDY\SOCIAL NETWORK\CODING\BAO CAO\SOURCE CODE\DRAW GRAPH\SOCNETV-GIT-C6DE3ADBB636D454A0A7C7BAF6BF8D0914959A7C\GENERATEDFILES\UI_RANDSMALLWORLDDIALOG.H
E:\DATA\STUDY\SOCIAL NETWORK\CODING\BAO CAO\SOURCE CODE\DRAW GRAPH\SOCNETV-GIT-C6DE3ADBB636D454A0A7C7BAF6BF8D0914959A7C\GENERATEDFILES\UI_WEBCRAWLERDIALOG.H
E:\DATA\Study\social network\Coding\BAO CAO\Source Code\Draw Graph\socnetv-git-c6de3adbb636d454a0a7c7baf6bf8d0914959a7c\Win32\Debug\cl.command.1.tlog
E:\DATA\Study\social network\Coding\BAO CAO\Source Code\Draw Graph\socnetv-git-c6de3adbb636d454a0a7c7baf6bf8d0914959a7c\Win32\Debug\CL.read.1.tlog
E:\DATA\Study\social network\Coding\BAO CAO\Source Code\Draw Graph\socnetv-git-c6de3adbb636d454a0a7c7baf6bf8d0914959a7c\Win32\Debug\CL.write.1.tlog
E:\DATA\Study\social network\Coding\BAO CAO\Source Code\Draw Graph\socnetv-git-c6de3adbb636d454a0a7c7baf6bf8d0914959a7c\Win32\Debug\custombuild.command.1.tlog
E:\DATA\Study\social network\Coding\BAO CAO\Source Code\Draw Graph\socnetv-git-c6de3adbb636d454a0a7c7baf6bf8d0914959a7c\Win32\Debug\custombuild.read.1.tlog
E:\DATA\Study\social network\Coding\BAO CAO\Source Code\Draw Graph\socnetv-git-c6de3adbb636d454a0a7c7baf6bf8d0914959a7c\Win32\Debug\custombuild.write.1.tlog
E:\DATA\STUDY\SOCIAL NETWORK\CODING\BAO CAO\SOURCE CODE\DRAW GRAPH\SOCNETV-GIT-C6DE3ADBB636D454A0A7C7BAF6BF8D0914959A7C\WIN32\DEBUG\DATASETSELECTDIALOG.OBJ
E:\DATA\STUDY\SOCIAL NETWORK\CODING\BAO CAO\SOURCE CODE\DRAW GRAPH\SOCNETV-GIT-C6DE3ADBB636D454A0A7C7BAF6BF8D0914959A7C\WIN32\DEBUG\EDGE.OBJ
E:\DATA\STUDY\SOCIAL NETWORK\CODING\BAO CAO\SOURCE CODE\DRAW GRAPH\SOCNETV-GIT-C6DE3ADBB636D454A0A7C7BAF6BF8D0914959A7C\WIN32\DEBUG\EDGEWEIGHT.OBJ
E:\DATA\STUDY\SOCIAL NETWORK\CODING\BAO CAO\SOURCE CODE\DRAW GRAPH\SOCNETV-GIT-C6DE3ADBB636D454A0A7C7BAF6BF8D0914959A7C\WIN32\DEBUG\FILTEREDGESBYWEIGHTDIALOG.OBJ
E:\DATA\STUDY\SOCIAL NETWORK\CODING\BAO CAO\SOURCE CODE\DRAW GRAPH\SOCNETV-GIT-C6DE3ADBB636D454A0A7C7BAF6BF8D0914959A7C\WIN32\DEBUG\GRAPH.OBJ
E:\DATA\STUDY\SOCIAL NETWORK\CODING\BAO CAO\SOURCE CODE\DRAW GRAPH\SOCNETV-GIT-C6DE3ADBB636D454A0A7C7BAF6BF8D0914959A7C\WIN32\DEBUG\GRAPHICSWIDGET.OBJ
E:\DATA\STUDY\SOCIAL NETWORK\CODING\BAO CAO\SOURCE CODE\DRAW GRAPH\SOCNETV-GIT-C6DE3ADBB636D454A0A7C7BAF6BF8D0914959A7C\WIN32\DEBUG\GUIDE.OBJ
E:\DATA\STUDY\SOCIAL NETWORK\CODING\BAO CAO\SOURCE CODE\DRAW GRAPH\SOCNETV-GIT-C6DE3ADBB636D454A0A7C7BAF6BF8D0914959A7C\WIN32\DEBUG\ICON.RES
E:\DATA\Study\social network\Coding\BAO CAO\Source Code\Draw Graph\socnetv-git-c6de3adbb636d454a0a7c7baf6bf8d0914959a7c\Win32\Debug\link.command.1.tlog
E:\DATA\Study\social network\Coding\BAO CAO\Source Code\Draw Graph\socnetv-git-c6de3adbb636d454a0a7c7baf6bf8d0914959a7c\Win32\Debug\link.read.1.tlog
E:\DATA\Study\social network\Coding\BAO CAO\Source Code\Draw Graph\socnetv-git-c6de3adbb636d454a0a7c7baf6bf8d0914959a7c\Win32\Debug\link.write.1.tlog
E:\DATA\Study\social network\Coding\BAO CAO\Source Code\Draw Graph\socnetv-git-c6de3adbb636d454a0a7c7baf6bf8d0914959a7c\Win32\Debug\link-cvtres.read.1.tlog
E:\DATA\Study\social network\Coding\BAO CAO\Source Code\Draw Graph\socnetv-git-c6de3adbb636d454a0a7c7baf6bf8d0914959a7c\Win32\Debug\link-cvtres.write.1.tlog
E:\DATA\STUDY\SOCIAL NETWORK\CODING\BAO CAO\SOURCE CODE\DRAW GRAPH\SOCNETV-GIT-C6DE3ADBB636D454A0A7C7BAF6BF8D0914959A7C\WIN32\DEBUG\MAIN.OBJ
E:\DATA\STUDY\SOCIAL NETWORK\CODING\BAO CAO\SOURCE CODE\DRAW GRAPH\SOCNETV-GIT-C6DE3ADBB636D454A0A7C7BAF6BF8D0914959A7C\WIN32\DEBUG\MAINWINDOW.OBJ
E:\DATA\STUDY\SOCIAL NETWORK\CODING\BAO CAO\SOURCE CODE\DRAW GRAPH\SOCNETV-GIT-C6DE3ADBB636D454A0A7C7BAF6BF8D0914959A7C\WIN32\DEBUG\MATRIX.OBJ
E:\DATA\STUDY\SOCIAL NETWORK\CODING\BAO CAO\SOURCE CODE\DRAW GRAPH\SOCNETV-GIT-C6DE3ADBB636D454A0A7C7BAF6BF8D0914959A7C\WIN32\DEBUG\MOC_DATASETSELECTDIALOG.OBJ
E:\DATA\STUDY\SOCIAL NETWORK\CODING\BAO CAO\SOURCE CODE\DRAW GRAPH\SOCNETV-GIT-C6DE3ADBB636D454A0A7C7BAF6BF8D0914959A7C\WIN32\DEBUG\MOC_EDGE.OBJ
E:\DATA\STUDY\SOCIAL NETWORK\CODING\BAO CAO\SOURCE CODE\DRAW GRAPH\SOCNETV-GIT-C6DE3ADBB636D454A0A7C7BAF6BF8D0914959A7C\WIN32\DEBUG\MOC_FILTEREDGESBYWEIGHTDIALOG.OBJ
E:\DATA\STUDY\SOCIAL NETWORK\CODING\BAO CAO\SOURCE CODE\DRAW GRAPH\SOCNETV-GIT-C6DE3ADBB636D454A0A7C7BAF6BF8D0914959A7C\WIN32\DEBUG\MOC_GRAPH.OBJ
E:\DATA\STUDY\SOCIAL NETWORK\CODING\BAO CAO\SOURCE CODE\DRAW GRAPH\SOCNETV-GIT-C6DE3ADBB636D454A0A7C7BAF6BF8D0914959A7C\WIN32\DEBUG\MOC_GRAPHICSWIDGET.OBJ
E:\DATA\STUDY\SOCIAL NETWORK\CODING\BAO CAO\SOURCE CODE\DRAW GRAPH\SOCNETV-GIT-C6DE3ADBB636D454A0A7C7BAF6BF8D0914959A7C\WIN32\DEBUG\MOC_GUIDE.OBJ
E:\DATA\STUDY\SOCIAL NETWORK\CODING\BAO CAO\SOURCE CODE\DRAW GRAPH\SOCNETV-GIT-C6DE3ADBB636D454A0A7C7BAF6BF8D0914959A7C\WIN32\DEBUG\MOC_MAINWINDOW.OBJ
E:\DATA\STUDY\SOCIAL NETWORK\CODING\BAO CAO\SOURCE CODE\DRAW GRAPH\SOCNETV-GIT-C6DE3ADBB636D454A0A7C7BAF6BF8D0914959A7C\WIN32\DEBUG\MOC_NODE.OBJ
E:\DATA\STUDY\SOCIAL NETWORK\CODING\BAO CAO\SOURCE CODE\DRAW GRAPH\SOCNETV-GIT-C6DE3ADBB636D454A0A7C7BAF6BF8D0914959A7C\WIN32\DEBUG\MOC_NODEEDITDIALOG.OBJ
E:\DATA\STUDY\SOCIAL NETWORK\CODING\BAO CAO\SOURCE CODE\DRAW GRAPH\SOCNETV-GIT-C6DE3ADBB636D454A0A7C7BAF6BF8D0914959A7C\WIN32\DEBUG\MOC_PARSER.OBJ
E:\DATA\STUDY\SOCIAL NETWORK\CODING\BAO CAO\SOURCE CODE\DRAW GRAPH\SOCNETV-GIT-C6DE3ADBB636D454A0A7C7BAF6BF8D0914959A7C\WIN32\DEBUG\MOC_PREVIEWFORM.OBJ
E:\DATA\STUDY\SOCIAL NETWORK\CODING\BAO CAO\SOURCE CODE\DRAW GRAPH\SOCNETV-GIT-C6DE3ADBB636D454A0A7C7BAF6BF8D0914959A7C\WIN32\DEBUG\MOC_RANDERDOSRENYIDIALOG.OBJ
E:\DATA\STUDY\SOCIAL NETWORK\CODING\BAO CAO\SOURCE CODE\DRAW GRAPH\SOCNETV-GIT-C6DE3ADBB636D454A0A7C7BAF6BF8D0914959A7C\WIN32\DEBUG\MOC_RANDSCALEFREEDIALOG.OBJ
E:\DATA\STUDY\SOCIAL NETWORK\CODING\BAO CAO\SOURCE CODE\DRAW GRAPH\SOCNETV-GIT-C6DE3ADBB636D454A0A7C7BAF6BF8D0914959A7C\WIN32\DEBUG\MOC_RANDSMALLWORLDDIALOG.OBJ
E:\DATA\STUDY\SOCIAL NETWORK\CODING\BAO CAO\SOURCE CODE\DRAW GRAPH\SOCNETV-GIT-C6DE3ADBB636D454A0A7C7BAF6BF8D0914959A7C\WIN32\DEBUG\MOC_TEXTEDITOR.OBJ
E:\DATA\STUDY\SOCIAL NETWORK\CODING\BAO CAO\SOURCE CODE\DRAW GRAPH\SOCNETV-GIT-C6DE3ADBB636D454A0A7C7BAF6BF8D0914959A7C\WIN32\DEBUG\MOC_VERTEX.OBJ
E:\DATA\STUDY\SOCIAL NETWORK\CODING\BAO CAO\SOURCE CODE\DRAW GRAPH\SOCNETV-GIT-C6DE3ADBB636D454A0A7C7BAF6BF8D0914959A7C\WIN32\DEBUG\MOC_WEBCRAWLER.OBJ
E:\DATA\STUDY\SOCIAL NETWORK\CODING\BAO CAO\SOURCE CODE\DRAW GRAPH\SOCNETV-GIT-C6DE3ADBB636D454A0A7C7BAF6BF8D0914959A7C\WIN32\DEBUG\MOC_WEBCRAWLERDIALOG.OBJ
E:\DATA\Study\social network\Coding\BAO CAO\Source Code\Draw Graph\socnetv-git-c6de3adbb636d454a0a7c7baf6bf8d0914959a7c\Win32\Debug\mt.command.1.tlog
E:\DATA\Study\social network\Coding\BAO CAO\Source Code\Draw Graph\socnetv-git-c6de3adbb636d454a0a7c7baf6bf8d0914959a7c\Win32\Debug\mt.read.1.tlog
E:\DATA\Study\social network\Coding\BAO CAO\Source Code\Draw Graph\socnetv-git-c6de3adbb636d454a0a7c7baf6bf8d0914959a7c\Win32\Debug\mt.write.1.tlog
E:\DATA\STUDY\SOCIAL NETWORK\CODING\BAO CAO\SOURCE CODE\DRAW GRAPH\SOCNETV-GIT-C6DE3ADBB636D454A0A7C7BAF6BF8D0914959A7C\WIN32\DEBUG\NODE.OBJ
E:\DATA\STUDY\SOCIAL NETWORK\CODING\BAO CAO\SOURCE CODE\DRAW GRAPH\SOCNETV-GIT-C6DE3ADBB636D454A0A7C7BAF6BF8D0914959A7C\WIN32\DEBUG\NODEEDITDIALOG.OBJ
E:\DATA\STUDY\SOCIAL NETWORK\CODING\BAO CAO\SOURCE CODE\DRAW GRAPH\SOCNETV-GIT-C6DE3ADBB636D454A0A7C7BAF6BF8D0914959A7C\WIN32\DEBUG\NODELABEL.OBJ
E:\DATA\STUDY\SOCIAL NETWORK\CODING\BAO CAO\SOURCE CODE\DRAW GRAPH\SOCNETV-GIT-C6DE3ADBB636D454A0A7C7BAF6BF8D0914959A7C\WIN32\DEBUG\NODENUMBER.OBJ
E:\DATA\STUDY\SOCIAL NETWORK\CODING\BAO CAO\SOURCE CODE\DRAW GRAPH\SOCNETV-GIT-C6DE3ADBB636D454A0A7C7BAF6BF8D0914959A7C\WIN32\DEBUG\PARSER.OBJ
E:\DATA\STUDY\SOCIAL NETWORK\CODING\BAO CAO\SOURCE CODE\DRAW GRAPH\SOCNETV-GIT-C6DE3ADBB636D454A0A7C7BAF6BF8D0914959A7C\WIN32\DEBUG\PREVIEWFORM.OBJ
E:\DATA\STUDY\SOCIAL NETWORK\CODING\BAO CAO\SOURCE CODE\DRAW GRAPH\SOCNETV-GIT-C6DE3ADBB636D454A0A7C7BAF6BF8D0914959A7C\WIN32\DEBUG\QRC_SRC.OBJ
E:\DATA\STUDY\SOCIAL NETWORK\CODING\BAO CAO\SOURCE CODE\DRAW GRAPH\SOCNETV-GIT-C6DE3ADBB636D454A0A7C7BAF6BF8D0914959A7C\WIN32\DEBUG\RANDERDOSRENYIDIALOG.OBJ
E:\DATA\STUDY\SOCIAL NETWORK\CODING\BAO CAO\SOURCE CODE\DRAW GRAPH\SOCNETV-GIT-C6DE3ADBB636D454A0A7C7BAF6BF8D0914959A7C\WIN32\DEBUG\RANDSCALEFREEDIALOG.OBJ
E:\DATA\STUDY\SOCIAL NETWORK\CODING\BAO CAO\SOURCE CODE\DRAW GRAPH\SOCNETV-GIT-C6DE3ADBB636D454A0A7C7BAF6BF8D0914959A7C\WIN32\DEBUG\RANDSMALLWORLDDIALOG.OBJ
E:\DATA\Study\social network\Coding\BAO CAO\Source Code\Draw Graph\socnetv-git-c6de3adbb636d454a0a7c7baf6bf8d0914959a7c\Win32\Debug\rc.command.1.tlog
E:\DATA\Study\social network\Coding\BAO CAO\Source Code\Draw Graph\socnetv-git-c6de3adbb636d454a0a7c7baf6bf8d0914959a7c\Win32\Debug\rc.read.1.tlog
E:\DATA\Study\social network\Coding\BAO CAO\Source Code\Draw Graph\socnetv-git-c6de3adbb636d454a0a7c7baf6bf8d0914959a7c\Win32\Debug\rc.write.1.tlog
E:\DATA\STUDY\SOCIAL NETWORK\CODING\BAO CAO\SOURCE CODE\DRAW GRAPH\SOCNETV-GIT-C6DE3ADBB636D454A0A7C7BAF6BF8D0914959A7C\WIN32\DEBUG\SOCNETV.EXE.INTERMEDIATE.MANIFEST
E:\DATA\Study\social network\Coding\BAO CAO\Source Code\Draw Graph\socnetv-git-c6de3adbb636d454a0a7c7baf6bf8d0914959a7c\Win32\Debug\socnetv.vcxprojResolveAssemblyReference.cache
E:\DATA\Study\social network\Coding\BAO CAO\Source Code\Draw Graph\socnetv-git-c6de3adbb636d454a0a7c7baf6bf8d0914959a7c\Win32\Debug\socnetv.write.1.tlog
E:\DATA\STUDY\SOCIAL NETWORK\CODING\BAO CAO\SOURCE CODE\DRAW GRAPH\SOCNETV-GIT-C6DE3ADBB636D454A0A7C7BAF6BF8D0914959A7C\WIN32\DEBUG\TEXTEDITOR.OBJ
E:\DATA\STUDY\SOCIAL NETWORK\CODING\BAO CAO\SOURCE CODE\DRAW GRAPH\SOCNETV-GIT-C6DE3ADBB636D454A0A7C7BAF6BF8D0914959A7C\WIN32\DEBUG\VC100.PDB
E:\DATA\STUDY\SOCIAL NETWORK\CODING\BAO CAO\SOURCE CODE\DRAW GRAPH\SOCNETV-GIT-C6DE3ADBB636D454A0A7C7BAF6BF8D0914959A7C\WIN32\DEBUG\VERTEX.OBJ
E:\DATA\STUDY\SOCIAL NETWORK\CODING\BAO CAO\SOURCE CODE\DRAW GRAPH\SOCNETV-GIT-C6DE3ADBB636D454A0A7C7BAF6BF8D0914959A7C\WIN32\DEBUG\WEBCRAWLER.OBJ
E:\DATA\STUDY\SOCIAL NETWORK\CODING\BAO CAO\SOURCE CODE\DRAW GRAPH\SOCNETV-GIT-C6DE3ADBB636D454A0A7C7BAF6BF8D0914959A7C\WIN32\DEBUG\WEBCRAWLERDIALOG.OBJ
