Build started 5/19/2016 11:45:02 AM.
     1>Project "E:\DATA\Study\social network\Coding\BAO CAO\Source Code\KeyPlayers_Graph\socnetv.vcxproj" on node 2 (build target(s)).
     1>InitializeBuildStatus:
         Creating "Win32\Debug\KeyPlayers_Graph.unsuccessfulbuild" because "AlwaysCreate" was specified.
       CustomBuild:
         All outputs are up-to-date.
       ClCompile:
         C:\Program Files (x86)\Microsoft Visual Studio 10.0\VC\bin\CL.exe /c /Isrc /I\usr\local\include /I\usr\include /I\usr\include\qt5 /I\usr\share\qt5\include /I\usr\local\include /I\usr\include /I\usr\include\qt /I\usr\include\qt5 /I\usr\share\qt5\include /I"C:\Qt\Qt5.1.0\5.1.0-rc2\msvc2010\include" /I"C:\Qt\Qt5.1.0\5.1.0-rc2\msvc2010\include\QtPrintSupport" /I"C:\Qt\Qt5.1.0\5.1.0-rc2\msvc2010\include\QtWidgets" /I"C:\Qt\Qt5.1.0\5.1.0-rc2\msvc2010\include\QtNetwork" /I"C:\Qt\Qt5.1.0\5.1.0-rc2\msvc2010\include\QtXml" /I"C:\Qt\Qt5.1.0\5.1.0-rc2\msvc2010\include\QtGui" /I"C:\Qt\Qt5.1.0\5.1.0-rc2\msvc2010\include\QtANGLE" /I"C:\Qt\Qt5.1.0\5.1.0-rc2\msvc2010\include\QtCore" /Idebug /I. /I"C:\Qt\Qt5.1.0\5.1.0-rc2\msvc2010\mkspecs\win32-msvc2010" /I.\GeneratedFiles /Zi /nologo /W3 /WX- /Od /Oy- /D _WINDOWS /D UNICODE /D WIN32 /D QT_PRINTSUPPORT_LIB /D QT_WIDGETS_LIB /D QT_NETWORK_LIB /D QT_XML_LIB /D QT_GUI_LIB /D QT_CORE_LIB /D QT_OPENGL_ES_2 /D QT_OPENGL_ES_2_ANGLE /Gm- /EHsc /MDd /GS /fp:precise /Zc:wchar_t /Zc:forScope /GR /Fo"Win32\Debug\\" /Fd"Win32\Debug\vc100.pdb" /Gd /TP /analyze- /errorReport:prompt src\mainwindow.cpp -Zm200 -msse -mfpmath=sse -w34100 -w34189 
     1>cl : Command line warning D9002: ignoring unknown option '-msse'
     1>cl : Command line warning D9002: ignoring unknown option '-mfpmath=sse'
         mainwindow.cpp
     1>src\mainwindow.cpp(2476): warning C4189: 'visualizationBoxLayout' : local variable is initialized but not referenced
     1>src\mainwindow.cpp(2251): warning C4189: 'analysisGrid' : local variable is initialized but not referenced
     1>src\mainwindow.cpp(8955): warning C4996: 'ctime': This function or variable may be unsafe. Consider using ctime_s instead. To disable deprecation, use _CRT_SECURE_NO_WARNINGS. See online help for details.
                 C:\Program Files (x86)\Microsoft Visual Studio 10.0\VC\include\time.inl(86) : see declaration of 'ctime'
     1>src\mainwindow.cpp(9013): warning C4996: 'ctime': This function or variable may be unsafe. Consider using ctime_s instead. To disable deprecation, use _CRT_SECURE_NO_WARNINGS. See online help for details.
                 C:\Program Files (x86)\Microsoft Visual Studio 10.0\VC\include\time.inl(86) : see declaration of 'ctime'
         All outputs are up-to-date.
       ResourceCompile:
         All outputs are up-to-date.
       Link:
         C:\Program Files (x86)\Microsoft Visual Studio 10.0\VC\bin\link.exe /ERRORREPORT:PROMPT /OUT:"debug\\socnetv.exe" /NOLOGO /LIBPATH:"C:\Qt\Qt5.1.0\5.1.0-rc2\msvc2010\lib" /LIBPATH:"C:\Qt\Qt5.1.0\5.1.0-rc2\msvc2010\lib" qtmaind.lib "C:\Qt\Qt5.1.0\5.1.0-rc2\msvc2010\lib\Qt5PrintSupportd.lib" "C:\Qt\Qt5.1.0\5.1.0-rc2\msvc2010\lib\Qt5Widgetsd.lib" "C:\Qt\Qt5.1.0\5.1.0-rc2\msvc2010\lib\Qt5Networkd.lib" "C:\Qt\Qt5.1.0\5.1.0-rc2\msvc2010\lib\Qt5Xmld.lib" "C:\Qt\Qt5.1.0\5.1.0-rc2\msvc2010\lib\Qt5Guid.lib" "C:\Qt\Qt5.1.0\5.1.0-rc2\msvc2010\lib\Qt5Cored.lib" libEGLd.lib libGLESv2d.lib gdi32.lib user32.lib kernel32.lib user32.lib gdi32.lib winspool.lib comdlg32.lib advapi32.lib shell32.lib ole32.lib oleaut32.lib uuid.lib odbc32.lib odbccp32.lib /MANIFEST /ManifestFile:"Win32\Debug\socnetv.exe.intermediate.manifest" /MANIFESTUAC:"level='asInvoker' uiAccess='false'" /DEBUG /PDB:"E:\DATA\Study\social network\Coding\BAO CAO\Source Code\KeyPlayers_Graph\debug\socnetv.pdb" /SUBSYSTEM:WINDOWS /TLBID:1 /DYNAMICBASE /NXCOMPAT /MACHINE:X86 Win32\Debug\icon.res
         Win32\Debug\moc_datasetselectdialog.obj
         Win32\Debug\moc_edge.obj
         Win32\Debug\moc_filteredgesbyweightdialog.obj
         Win32\Debug\moc_graph.obj
         Win32\Debug\moc_graphicswidget.obj
         Win32\Debug\moc_guide.obj
         Win32\Debug\moc_mainwindow.obj
         Win32\Debug\moc_node.obj
         Win32\Debug\moc_nodeeditdialog.obj
         Win32\Debug\moc_parser.obj
         Win32\Debug\moc_previewform.obj
         Win32\Debug\moc_randerdosrenyidialog.obj
         Win32\Debug\moc_randscalefreedialog.obj
         Win32\Debug\moc_randsmallworlddialog.obj
         Win32\Debug\moc_texteditor.obj
         Win32\Debug\moc_vertex.obj
         Win32\Debug\moc_webcrawler.obj
         Win32\Debug\moc_webcrawlerdialog.obj
         Win32\Debug\qrc_src.obj
         Win32\Debug\datasetselectdialog.obj
         Win32\Debug\edge.obj
         Win32\Debug\edgeweight.obj
         Win32\Debug\filteredgesbyweightdialog.obj
         Win32\Debug\graph.obj
         Win32\Debug\graphicswidget.obj
         Win32\Debug\guide.obj
         Win32\Debug\main.obj
         Win32\Debug\mainwindow.obj
         Win32\Debug\matrix.obj
         Win32\Debug\node.obj
         Win32\Debug\nodeeditdialog.obj
         Win32\Debug\nodelabel.obj
         Win32\Debug\nodenumber.obj
         Win32\Debug\parser.obj
         Win32\Debug\previewform.obj
         Win32\Debug\randerdosrenyidialog.obj
         Win32\Debug\randscalefreedialog.obj
         Win32\Debug\randsmallworlddialog.obj
         Win32\Debug\texteditor.obj
         Win32\Debug\vertex.obj
         Win32\Debug\webcrawler.obj
         Win32\Debug\webcrawlerdialog.obj "/MANIFESTDEPENDENCY:type='win32' name='Microsoft.Windows.Common-Controls' version='6.0.0.0' publicKeyToken='6595b64144ccf1df' language='*' processorArchitecture='*'" 
         LINK : debug\\socnetv.exe not found or not built by the last incremental link; performing full link
            Creating library debug\\socnetv.lib and object debug\\socnetv.exp
         socnetv.vcxproj -> E:\DATA\Study\social network\Coding\BAO CAO\Source Code\KeyPlayers_Graph\debug\socnetv.exe
       Manifest:
         C:\Program Files (x86)\Microsoft SDKs\Windows\v7.0A\bin\mt.exe /nologo /verbose /outputresource:"debug\\socnetv.exe;#1" /manifest Win32\Debug\socnetv.exe.intermediate.manifest
       FinalizeBuildStatus:
         Deleting file "Win32\Debug\KeyPlayers_Graph.unsuccessfulbuild".
         Touching "Win32\Debug\KeyPlayers_Graph.lastbuildstate".
     1>Done Building Project "E:\DATA\Study\social network\Coding\BAO CAO\Source Code\KeyPlayers_Graph\socnetv.vcxproj" (build target(s)).

Build succeeded.

Time Elapsed 00:00:11.38
